[2024-01-30 17:41:52,867] 24 root - INFO - data ingestion started
[2024-01-30 17:41:53,148] 27 root - INFO -  reading a df
[2024-01-30 17:41:54,589] 31 root - INFO -  i have saved the raw dataset in artifact folder
[2024-01-30 17:41:54,589] 33 root - INFO - here i have performed train test split
[2024-01-30 17:41:54,636] 36 root - INFO - train test split completed
[2024-01-30 17:41:56,140] 41 root - INFO - data ingestion part completed
[2024-01-30 17:41:56,398] 84 root - INFO - read train and test data complete
[2024-01-30 17:41:56,414] 85 root - INFO - Train Dataframe Head : 
       id  carat    cut color clarity  depth  table     x     y     z  price
0  121248   1.53  Ideal     H     VS2   61.8   55.0  7.39  7.43  4.58   9526
1  115423   0.44  Ideal     H    VVS2   61.9   55.0  4.93  4.88  3.03    964
2    8439   1.03  Ideal     G     SI1   60.0   57.0  6.59  6.64  3.98   4538
3    9850   0.52  Ideal     E     VS2   62.1   54.0  5.15  5.18  3.21   1666
4  109382   0.78  Ideal     H     SI2   62.0   56.0  5.98  5.93  3.69   2320
[2024-01-30 17:41:56,430] 86 root - INFO - Test Dataframe Head : 
       id  carat      cut color clarity  depth  table     x     y     z  price
0   67866   1.23     Good     H     SI1   63.5   56.0  6.74  6.78  4.30   6089
1  126463   0.31    Ideal     H    VVS1   61.7   56.0  4.36  4.39  2.70    840
2  185754   1.01  Premium     E     SI1   61.9   59.0  6.38  6.33  3.94   5788
3   40838   0.71     Good     H     VS2   63.2   61.0  5.63  5.58  3.54   1758
4  154942   0.37  Premium     D     VS1   62.4   59.0  4.63  4.59  2.88    877
[2024-01-30 17:41:56,430] 29 root - INFO - Data Transformation initiated
[2024-01-30 17:41:56,430] 40 root - INFO - Pipeline Initiated
[2024-01-30 17:41:56,871] 104 root - INFO - Applying preprocessing object on training and testing datasets.
[2024-01-30 17:41:56,883] 114 root - INFO - preprocessing pickle file saved
[2024-01-30 17:41:56,889] 26 root - INFO - Splitting Dependent and Independent variables from train and test data
[2024-01-30 17:41:57,788] 44 root - INFO - Model Report : {'LinearRegression': 0.9363294563176868, 'Lasso': 0.936316292395982, 'Ridge': 0.9363306830618117, 'Elasticnet': 0.8564415948736144}
[2024-01-30 17:41:57,788] 57 root - INFO - Best Model Found , Model Name : Ridge , R2 Score : 0.9363306830618117
[2024-01-30 17:41:57,804] 16 root - INFO - evaluation started
[2024-01-30 17:41:57,804] 34 root - INFO - model has register
[2024-01-30 17:41:58,142] 22 root - INFO - evaluation metrics captured
